<?xml version="1.0" encoding="UTF-8"?>
<testsuite xmlns:xsi="http://www.w3.org/2001/XMLSchema-instance" xsi:noNamespaceSchemaLocation="https://maven.apache.org/surefire/maven-surefire-plugin/xsd/surefire-test-report.xsd" name="com.shsl.SHSLApplicationTests" time="6.282" tests="1" errors="0" skipped="0" failures="0">
  <properties>
    <property name="sun.desktop" value="windows"/>
    <property name="awt.toolkit" value="sun.awt.windows.WToolkit"/>
    <property name="file.encoding.pkg" value="sun.io"/>
    <property name="java.specification.version" value="1.8"/>
    <property name="sun.cpu.isalist" value="amd64"/>
    <property name="sun.jnu.encoding" value="GBK"/>
    <property name="java.class.path" value="D:\WorkSpace\CPT202---Super-high-school-level-Sport-Centre\CPT202---Super-high-school-level-Sport-Centre\CPT202-SHSLSC\shsl-server\target\test-classes;D:\WorkSpace\CPT202---Super-high-school-level-Sport-Centre\CPT202---Super-high-school-level-Sport-Centre\CPT202-SHSLSC\shsl-server\target\classes;D:\course\Java\apache-maven-3.8.6\mvn_resp\junit\junit\3.8.1\junit-3.8.1.jar;D:\course\Java\apache-maven-3.8.6\mvn_resp\org\springframework\boot\spring-boot-starter\2.5.6\spring-boot-starter-2.5.6.jar;D:\course\Java\apache-maven-3.8.6\mvn_resp\org\springframework\boot\spring-boot\2.5.6\spring-boot-2.5.6.jar;D:\course\Java\apache-maven-3.8.6\mvn_resp\org\springframework\spring-context\5.3.12\spring-context-5.3.12.jar;D:\course\Java\apache-maven-3.8.6\mvn_resp\org\springframework\boot\spring-boot-autoconfigure\2.5.6\spring-boot-autoconfigure-2.5.6.jar;D:\course\Java\apache-maven-3.8.6\mvn_resp\org\springframework\boot\spring-boot-starter-logging\2.5.6\spring-boot-starter-logging-2.5.6.jar;D:\course\Java\apache-maven-3.8.6\mvn_resp\ch\qos\logback\logback-classic\1.2.6\logback-classic-1.2.6.jar;D:\course\Java\apache-maven-3.8.6\mvn_resp\ch\qos\logback\logback-core\1.2.6\logback-core-1.2.6.jar;D:\course\Java\apache-maven-3.8.6\mvn_resp\org\apache\logging\log4j\log4j-to-slf4j\2.14.1\log4j-to-slf4j-2.14.1.jar;D:\course\Java\apache-maven-3.8.6\mvn_resp\org\apache\logging\log4j\log4j-api\2.14.1\log4j-api-2.14.1.jar;D:\course\Java\apache-maven-3.8.6\mvn_resp\org\slf4j\jul-to-slf4j\1.7.32\jul-to-slf4j-1.7.32.jar;D:\course\Java\apache-maven-3.8.6\mvn_resp\jakarta\annotation\jakarta.annotation-api\1.3.5\jakarta.annotation-api-1.3.5.jar;D:\course\Java\apache-maven-3.8.6\mvn_resp\org\springframework\spring-core\5.3.12\spring-core-5.3.12.jar;D:\course\Java\apache-maven-3.8.6\mvn_resp\org\springframework\spring-jcl\5.3.12\spring-jcl-5.3.12.jar;D:\course\Java\apache-maven-3.8.6\mvn_resp\org\yaml\snakeyaml\1.28\snakeyaml-1.28.jar;D:\course\Java\apache-maven-3.8.6\mvn_resp\org\springframework\boot\spring-boot-starter-test\2.5.6\spring-boot-starter-test-2.5.6.jar;D:\course\Java\apache-maven-3.8.6\mvn_resp\org\springframework\boot\spring-boot-test\2.5.6\spring-boot-test-2.5.6.jar;D:\course\Java\apache-maven-3.8.6\mvn_resp\org\springframework\boot\spring-boot-test-autoconfigure\2.5.6\spring-boot-test-autoconfigure-2.5.6.jar;D:\course\Java\apache-maven-3.8.6\mvn_resp\com\jayway\jsonpath\json-path\2.5.0\json-path-2.5.0.jar;D:\course\Java\apache-maven-3.8.6\mvn_resp\net\minidev\json-smart\2.4.7\json-smart-2.4.7.jar;D:\course\Java\apache-maven-3.8.6\mvn_resp\net\minidev\accessors-smart\2.4.7\accessors-smart-2.4.7.jar;D:\course\Java\apache-maven-3.8.6\mvn_resp\org\ow2\asm\asm\9.1\asm-9.1.jar;D:\course\Java\apache-maven-3.8.6\mvn_resp\jakarta\xml\bind\jakarta.xml.bind-api\2.3.3\jakarta.xml.bind-api-2.3.3.jar;D:\course\Java\apache-maven-3.8.6\mvn_resp\jakarta\activation\jakarta.activation-api\1.2.2\jakarta.activation-api-1.2.2.jar;D:\course\Java\apache-maven-3.8.6\mvn_resp\org\assertj\assertj-core\3.19.0\assertj-core-3.19.0.jar;D:\course\Java\apache-maven-3.8.6\mvn_resp\org\hamcrest\hamcrest\2.2\hamcrest-2.2.jar;D:\course\Java\apache-maven-3.8.6\mvn_resp\org\junit\jupiter\junit-jupiter\5.7.2\junit-jupiter-5.7.2.jar;D:\course\Java\apache-maven-3.8.6\mvn_resp\org\junit\jupiter\junit-jupiter-api\5.7.2\junit-jupiter-api-5.7.2.jar;D:\course\Java\apache-maven-3.8.6\mvn_resp\org\apiguardian\apiguardian-api\1.1.0\apiguardian-api-1.1.0.jar;D:\course\Java\apache-maven-3.8.6\mvn_resp\org\opentest4j\opentest4j\1.2.0\opentest4j-1.2.0.jar;D:\course\Java\apache-maven-3.8.6\mvn_resp\org\junit\platform\junit-platform-commons\1.7.2\junit-platform-commons-1.7.2.jar;D:\course\Java\apache-maven-3.8.6\mvn_resp\org\junit\jupiter\junit-jupiter-params\5.7.2\junit-jupiter-params-5.7.2.jar;D:\course\Java\apache-maven-3.8.6\mvn_resp\org\junit\jupiter\junit-jupiter-engine\5.7.2\junit-jupiter-engine-5.7.2.jar;D:\course\Java\apache-maven-3.8.6\mvn_resp\org\junit\platform\junit-platform-engine\1.7.2\junit-platform-engine-1.7.2.jar;D:\course\Java\apache-maven-3.8.6\mvn_resp\org\mockito\mockito-core\3.9.0\mockito-core-3.9.0.jar;D:\course\Java\apache-maven-3.8.6\mvn_resp\net\bytebuddy\byte-buddy\1.10.22\byte-buddy-1.10.22.jar;D:\course\Java\apache-maven-3.8.6\mvn_resp\net\bytebuddy\byte-buddy-agent\1.10.22\byte-buddy-agent-1.10.22.jar;D:\course\Java\apache-maven-3.8.6\mvn_resp\org\objenesis\objenesis\3.2\objenesis-3.2.jar;D:\course\Java\apache-maven-3.8.6\mvn_resp\org\mockito\mockito-junit-jupiter\3.9.0\mockito-junit-jupiter-3.9.0.jar;D:\course\Java\apache-maven-3.8.6\mvn_resp\org\skyscreamer\jsonassert\1.5.0\jsonassert-1.5.0.jar;D:\course\Java\apache-maven-3.8.6\mvn_resp\com\vaadin\external\google\android-json\0.0.20131108.vaadin1\android-json-0.0.20131108.vaadin1.jar;D:\course\Java\apache-maven-3.8.6\mvn_resp\org\springframework\spring-test\5.3.12\spring-test-5.3.12.jar;D:\course\Java\apache-maven-3.8.6\mvn_resp\org\xmlunit\xmlunit-core\2.8.3\xmlunit-core-2.8.3.jar;D:\course\Java\apache-maven-3.8.6\mvn_resp\org\springframework\boot\spring-boot-starter-web\2.5.6\spring-boot-starter-web-2.5.6.jar;D:\course\Java\apache-maven-3.8.6\mvn_resp\org\springframework\boot\spring-boot-starter-json\2.5.6\spring-boot-starter-json-2.5.6.jar;D:\course\Java\apache-maven-3.8.6\mvn_resp\com\fasterxml\jackson\datatype\jackson-datatype-jdk8\2.12.5\jackson-datatype-jdk8-2.12.5.jar;D:\course\Java\apache-maven-3.8.6\mvn_resp\com\fasterxml\jackson\module\jackson-module-parameter-names\2.12.5\jackson-module-parameter-names-2.12.5.jar;D:\course\Java\apache-maven-3.8.6\mvn_resp\org\springframework\spring-web\5.3.22\spring-web-5.3.22.jar;D:\course\Java\apache-maven-3.8.6\mvn_resp\org\springframework\spring-beans\5.3.12\spring-beans-5.3.12.jar;D:\course\Java\apache-maven-3.8.6\mvn_resp\org\springframework\spring-webmvc\5.3.12\spring-webmvc-5.3.12.jar;D:\course\Java\apache-maven-3.8.6\mvn_resp\org\springframework\spring-aop\5.3.12\spring-aop-5.3.12.jar;D:\course\Java\apache-maven-3.8.6\mvn_resp\org\springframework\spring-expression\5.3.12\spring-expression-5.3.12.jar;D:\course\Java\apache-maven-3.8.6\mvn_resp\org\springframework\boot\spring-boot-starter-data-jpa\2.5.6\spring-boot-starter-data-jpa-2.5.6.jar;D:\course\Java\apache-maven-3.8.6\mvn_resp\org\springframework\boot\spring-boot-starter-aop\2.5.6\spring-boot-starter-aop-2.5.6.jar;D:\course\Java\apache-maven-3.8.6\mvn_resp\org\springframework\boot\spring-boot-starter-jdbc\2.5.6\spring-boot-starter-jdbc-2.5.6.jar;D:\course\Java\apache-maven-3.8.6\mvn_resp\com\zaxxer\HikariCP\4.0.3\HikariCP-4.0.3.jar;D:\course\Java\apache-maven-3.8.6\mvn_resp\org\springframework\spring-jdbc\5.3.12\spring-jdbc-5.3.12.jar;D:\course\Java\apache-maven-3.8.6\mvn_resp\jakarta\transaction\jakarta.transaction-api\1.3.3\jakarta.transaction-api-1.3.3.jar;D:\course\Java\apache-maven-3.8.6\mvn_resp\jakarta\persistence\jakarta.persistence-api\2.2.3\jakarta.persistence-api-2.2.3.jar;D:\course\Java\apache-maven-3.8.6\mvn_resp\org\hibernate\hibernate-core\5.4.32.Final\hibernate-core-5.4.32.Final.jar;D:\course\Java\apache-maven-3.8.6\mvn_resp\org\jboss\logging\jboss-logging\3.4.2.Final\jboss-logging-3.4.2.Final.jar;D:\course\Java\apache-maven-3.8.6\mvn_resp\org\javassist\javassist\3.27.0-GA\javassist-3.27.0-GA.jar;D:\course\Java\apache-maven-3.8.6\mvn_resp\antlr\antlr\2.7.7\antlr-2.7.7.jar;D:\course\Java\apache-maven-3.8.6\mvn_resp\org\jboss\jandex\2.2.3.Final\jandex-2.2.3.Final.jar;D:\course\Java\apache-maven-3.8.6\mvn_resp\com\fasterxml\classmate\1.5.1\classmate-1.5.1.jar;D:\course\Java\apache-maven-3.8.6\mvn_resp\org\dom4j\dom4j\2.1.3\dom4j-2.1.3.jar;D:\course\Java\apache-maven-3.8.6\mvn_resp\org\hibernate\common\hibernate-commons-annotations\5.1.2.Final\hibernate-commons-annotations-5.1.2.Final.jar;D:\course\Java\apache-maven-3.8.6\mvn_resp\org\glassfish\jaxb\jaxb-runtime\2.3.5\jaxb-runtime-2.3.5.jar;D:\course\Java\apache-maven-3.8.6\mvn_resp\org\glassfish\jaxb\txw2\2.3.5\txw2-2.3.5.jar;D:\course\Java\apache-maven-3.8.6\mvn_resp\com\sun\istack\istack-commons-runtime\3.0.12\istack-commons-runtime-3.0.12.jar;D:\course\Java\apache-maven-3.8.6\mvn_resp\com\sun\activation\jakarta.activation\1.2.2\jakarta.activation-1.2.2.jar;D:\course\Java\apache-maven-3.8.6\mvn_resp\org\springframework\data\spring-data-jpa\2.5.6\spring-data-jpa-2.5.6.jar;D:\course\Java\apache-maven-3.8.6\mvn_resp\org\springframework\data\spring-data-commons\2.5.6\spring-data-commons-2.5.6.jar;D:\course\Java\apache-maven-3.8.6\mvn_resp\org\springframework\spring-orm\5.3.12\spring-orm-5.3.12.jar;D:\course\Java\apache-maven-3.8.6\mvn_resp\org\springframework\spring-tx\5.3.12\spring-tx-5.3.12.jar;D:\course\Java\apache-maven-3.8.6\mvn_resp\org\springframework\spring-aspects\5.3.12\spring-aspects-5.3.12.jar;D:\course\Java\apache-maven-3.8.6\mvn_resp\mysql\mysql-connector-java\8.0.27\mysql-connector-java-8.0.27.jar;D:\course\Java\apache-maven-3.8.6\mvn_resp\org\mybatis\spring\boot\mybatis-spring-boot-starter\2.2.0\mybatis-spring-boot-starter-2.2.0.jar;D:\course\Java\apache-maven-3.8.6\mvn_resp\org\mybatis\spring\boot\mybatis-spring-boot-autoconfigure\2.2.0\mybatis-spring-boot-autoconfigure-2.2.0.jar;D:\course\Java\apache-maven-3.8.6\mvn_resp\org\mybatis\mybatis\3.5.7\mybatis-3.5.7.jar;D:\course\Java\apache-maven-3.8.6\mvn_resp\org\mybatis\mybatis-spring\2.0.6\mybatis-spring-2.0.6.jar;D:\course\Java\apache-maven-3.8.6\mvn_resp\org\projectlombok\lombok\1.18.20\lombok-1.18.20.jar;D:\course\Java\apache-maven-3.8.6\mvn_resp\com\alibaba\fastjson\1.2.76\fastjson-1.2.76.jar;D:\course\Java\apache-maven-3.8.6\mvn_resp\com\alibaba\druid-spring-boot-starter\1.2.1\druid-spring-boot-starter-1.2.1.jar;D:\course\Java\apache-maven-3.8.6\mvn_resp\com\alibaba\druid\1.2.1\druid-1.2.1.jar;D:\course\Java\apache-maven-3.8.6\mvn_resp\org\slf4j\slf4j-api\1.7.32\slf4j-api-1.7.32.jar;D:\course\Java\apache-maven-3.8.6\mvn_resp\com\github\pagehelper\pagehelper-spring-boot-starter\1.3.0\pagehelper-spring-boot-starter-1.3.0.jar;D:\course\Java\apache-maven-3.8.6\mvn_resp\com\github\pagehelper\pagehelper-spring-boot-autoconfigure\1.3.0\pagehelper-spring-boot-autoconfigure-1.3.0.jar;D:\course\Java\apache-maven-3.8.6\mvn_resp\com\github\pagehelper\pagehelper\5.2.0\pagehelper-5.2.0.jar;D:\course\Java\apache-maven-3.8.6\mvn_resp\com\github\jsqlparser\jsqlparser\3.2\jsqlparser-3.2.jar;D:\course\Java\apache-maven-3.8.6\mvn_resp\org\aspectj\aspectjrt\1.9.4\aspectjrt-1.9.4.jar;D:\course\Java\apache-maven-3.8.6\mvn_resp\org\aspectj\aspectjweaver\1.9.4\aspectjweaver-1.9.4.jar;D:\course\Java\apache-maven-3.8.6\mvn_resp\com\github\xiaoymin\knife4j-spring-boot-starter\3.0.2\knife4j-spring-boot-starter-3.0.2.jar;D:\course\Java\apache-maven-3.8.6\mvn_resp\com\github\xiaoymin\knife4j-spring-boot-autoconfigure\3.0.2\knife4j-spring-boot-autoconfigure-3.0.2.jar;D:\course\Java\apache-maven-3.8.6\mvn_resp\com\github\xiaoymin\knife4j-spring\3.0.2\knife4j-spring-3.0.2.jar;D:\course\Java\apache-maven-3.8.6\mvn_resp\com\github\xiaoymin\knife4j-annotations\3.0.2\knife4j-annotations-3.0.2.jar;D:\course\Java\apache-maven-3.8.6\mvn_resp\io\springfox\springfox-oas\3.0.0\springfox-oas-3.0.0.jar;D:\course\Java\apache-maven-3.8.6\mvn_resp\io\swagger\core\v3\swagger-models\2.1.2\swagger-models-2.1.2.jar;D:\course\Java\apache-maven-3.8.6\mvn_resp\io\springfox\springfox-bean-validators\3.0.0\springfox-bean-validators-3.0.0.jar;D:\course\Java\apache-maven-3.8.6\mvn_resp\io\swagger\swagger-core\1.5.22\swagger-core-1.5.22.jar;D:\course\Java\apache-maven-3.8.6\mvn_resp\org\apache\commons\commons-lang3\3.12.0\commons-lang3-3.12.0.jar;D:\course\Java\apache-maven-3.8.6\mvn_resp\com\fasterxml\jackson\dataformat\jackson-dataformat-yaml\2.12.5\jackson-dataformat-yaml-2.12.5.jar;D:\course\Java\apache-maven-3.8.6\mvn_resp\com\google\guava\guava\27.0.1-android\guava-27.0.1-android.jar;D:\course\Java\apache-maven-3.8.6\mvn_resp\com\google\guava\failureaccess\1.0.1\failureaccess-1.0.1.jar;D:\course\Java\apache-maven-3.8.6\mvn_resp\com\google\guava\listenablefuture\9999.0-empty-to-avoid-conflict-with-guava\listenablefuture-9999.0-empty-to-avoid-conflict-with-guava.jar;D:\course\Java\apache-maven-3.8.6\mvn_resp\com\google\code\findbugs\jsr305\3.0.2\jsr305-3.0.2.jar;D:\course\Java\apache-maven-3.8.6\mvn_resp\org\checkerframework\checker-compat-qual\2.5.2\checker-compat-qual-2.5.2.jar;D:\course\Java\apache-maven-3.8.6\mvn_resp\com\google\errorprone\error_prone_annotations\2.2.0\error_prone_annotations-2.2.0.jar;D:\course\Java\apache-maven-3.8.6\mvn_resp\com\google\j2objc\j2objc-annotations\1.1\j2objc-annotations-1.1.jar;D:\course\Java\apache-maven-3.8.6\mvn_resp\org\codehaus\mojo\animal-sniffer-annotations\1.17\animal-sniffer-annotations-1.17.jar;D:\course\Java\apache-maven-3.8.6\mvn_resp\javax\validation\validation-api\2.0.1.Final\validation-api-2.0.1.Final.jar;D:\course\Java\apache-maven-3.8.6\mvn_resp\io\springfox\springfox-boot-starter\3.0.0\springfox-boot-starter-3.0.0.jar;D:\course\Java\apache-maven-3.8.6\mvn_resp\io\springfox\springfox-data-rest\3.0.0\springfox-data-rest-3.0.0.jar;D:\course\Java\apache-maven-3.8.6\mvn_resp\com\github\xiaoymin\knife4j-spring-ui\3.0.2\knife4j-spring-ui-3.0.2.jar;D:\course\Java\apache-maven-3.8.6\mvn_resp\org\springframework\boot\spring-boot-starter-data-redis\2.5.6\spring-boot-starter-data-redis-2.5.6.jar;D:\course\Java\apache-maven-3.8.6\mvn_resp\org\springframework\data\spring-data-redis\2.5.6\spring-data-redis-2.5.6.jar;D:\course\Java\apache-maven-3.8.6\mvn_resp\org\springframework\data\spring-data-keyvalue\2.5.6\spring-data-keyvalue-2.5.6.jar;D:\course\Java\apache-maven-3.8.6\mvn_resp\org\springframework\spring-oxm\5.3.12\spring-oxm-5.3.12.jar;D:\course\Java\apache-maven-3.8.6\mvn_resp\io\lettuce\lettuce-core\6.1.5.RELEASE\lettuce-core-6.1.5.RELEASE.jar;D:\course\Java\apache-maven-3.8.6\mvn_resp\io\netty\netty-common\4.1.69.Final\netty-common-4.1.69.Final.jar;D:\course\Java\apache-maven-3.8.6\mvn_resp\io\netty\netty-handler\4.1.69.Final\netty-handler-4.1.69.Final.jar;D:\course\Java\apache-maven-3.8.6\mvn_resp\io\netty\netty-resolver\4.1.69.Final\netty-resolver-4.1.69.Final.jar;D:\course\Java\apache-maven-3.8.6\mvn_resp\io\netty\netty-buffer\4.1.69.Final\netty-buffer-4.1.69.Final.jar;D:\course\Java\apache-maven-3.8.6\mvn_resp\io\netty\netty-codec\4.1.69.Final\netty-codec-4.1.69.Final.jar;D:\course\Java\apache-maven-3.8.6\mvn_resp\io\netty\netty-transport\4.1.69.Final\netty-transport-4.1.69.Final.jar;D:\course\Java\apache-maven-3.8.6\mvn_resp\io\projectreactor\reactor-core\3.4.11\reactor-core-3.4.11.jar;D:\course\Java\apache-maven-3.8.6\mvn_resp\org\reactivestreams\reactive-streams\1.0.3\reactive-streams-1.0.3.jar;D:\course\Java\apache-maven-3.8.6\mvn_resp\org\springframework\boot\spring-boot-starter-cache\2.5.6\spring-boot-starter-cache-2.5.6.jar;D:\course\Java\apache-maven-3.8.6\mvn_resp\org\springframework\spring-context-support\5.3.12\spring-context-support-5.3.12.jar;D:\course\Java\apache-maven-3.8.6\mvn_resp\org\springframework\boot\spring-boot-starter-websocket\2.5.6\spring-boot-starter-websocket-2.5.6.jar;D:\course\Java\apache-maven-3.8.6\mvn_resp\org\springframework\spring-messaging\5.3.12\spring-messaging-5.3.12.jar;D:\course\Java\apache-maven-3.8.6\mvn_resp\org\springframework\spring-websocket\5.3.12\spring-websocket-5.3.12.jar;D:\course\Java\apache-maven-3.8.6\mvn_resp\javax\xml\bind\jaxb-api\2.3.1\jaxb-api-2.3.1.jar;D:\course\Java\apache-maven-3.8.6\mvn_resp\javax\activation\javax.activation-api\1.2.0\javax.activation-api-1.2.0.jar;D:\course\Java\apache-maven-3.8.6\mvn_resp\org\springframework\boot\spring-boot-starter-thymeleaf\2.6.1\spring-boot-starter-thymeleaf-2.6.1.jar;D:\course\Java\apache-maven-3.8.6\mvn_resp\org\thymeleaf\thymeleaf-spring5\3.0.12.RELEASE\thymeleaf-spring5-3.0.12.RELEASE.jar;D:\course\Java\apache-maven-3.8.6\mvn_resp\org\thymeleaf\thymeleaf\3.0.12.RELEASE\thymeleaf-3.0.12.RELEASE.jar;D:\course\Java\apache-maven-3.8.6\mvn_resp\org\attoparser\attoparser\2.0.5.RELEASE\attoparser-2.0.5.RELEASE.jar;D:\course\Java\apache-maven-3.8.6\mvn_resp\org\unbescape\unbescape\1.1.6.RELEASE\unbescape-1.1.6.RELEASE.jar;D:\course\Java\apache-maven-3.8.6\mvn_resp\org\thymeleaf\extras\thymeleaf-extras-java8time\3.0.4.RELEASE\thymeleaf-extras-java8time-3.0.4.RELEASE.jar;D:\course\Java\apache-maven-3.8.6\mvn_resp\org\springframework\boot\spring-boot-starter-tomcat\2.5.6\spring-boot-starter-tomcat-2.5.6.jar;D:\course\Java\apache-maven-3.8.6\mvn_resp\org\apache\tomcat\embed\tomcat-embed-core\9.0.54\tomcat-embed-core-9.0.54.jar;D:\course\Java\apache-maven-3.8.6\mvn_resp\org\apache\tomcat\embed\tomcat-embed-el\9.0.54\tomcat-embed-el-9.0.54.jar;D:\course\Java\apache-maven-3.8.6\mvn_resp\org\apache\tomcat\embed\tomcat-embed-websocket\9.0.54\tomcat-embed-websocket-9.0.54.jar;D:\course\Java\apache-maven-3.8.6\mvn_resp\org\apache\poi\poi\3.16\poi-3.16.jar;D:\course\Java\apache-maven-3.8.6\mvn_resp\commons-codec\commons-codec\1.15\commons-codec-1.15.jar;D:\course\Java\apache-maven-3.8.6\mvn_resp\org\apache\commons\commons-collections4\4.1\commons-collections4-4.1.jar;D:\course\Java\apache-maven-3.8.6\mvn_resp\org\apache\poi\poi-ooxml\3.16\poi-ooxml-3.16.jar;D:\course\Java\apache-maven-3.8.6\mvn_resp\org\apache\poi\poi-ooxml-schemas\3.16\poi-ooxml-schemas-3.16.jar;D:\course\Java\apache-maven-3.8.6\mvn_resp\org\apache\xmlbeans\xmlbeans\2.6.0\xmlbeans-2.6.0.jar;D:\course\Java\apache-maven-3.8.6\mvn_resp\stax\stax-api\1.0.1\stax-api-1.0.1.jar;D:\course\Java\apache-maven-3.8.6\mvn_resp\com\github\virtuald\curvesapi\1.04\curvesapi-1.04.jar;D:\WorkSpace\CPT202---Super-high-school-level-Sport-Centre\CPT202---Super-high-school-level-Sport-Centre\CPT202-SHSLSC\shsl-pojo\target\shsl-pojo-1.0-SNAPSHOT.jar;D:\course\Java\apache-maven-3.8.6\mvn_resp\com\fasterxml\jackson\core\jackson-databind\2.12.5\jackson-databind-2.12.5.jar;D:\course\Java\apache-maven-3.8.6\mvn_resp\com\fasterxml\jackson\core\jackson-annotations\2.12.5\jackson-annotations-2.12.5.jar;D:\course\Java\apache-maven-3.8.6\mvn_resp\com\fasterxml\jackson\core\jackson-core\2.12.5\jackson-core-2.12.5.jar;D:\course\Java\apache-maven-3.8.6\mvn_resp\com\github\xiaoymin\knife4j-openapi3-jakarta-spring-boot-starter\4.4.0\knife4j-openapi3-jakarta-spring-boot-starter-4.4.0.jar;D:\course\Java\apache-maven-3.8.6\mvn_resp\com\github\xiaoymin\knife4j-core\4.4.0\knife4j-core-4.4.0.jar;D:\course\Java\apache-maven-3.8.6\mvn_resp\com\github\xiaoymin\knife4j-openapi3-ui\4.4.0\knife4j-openapi3-ui-4.4.0.jar;D:\course\Java\apache-maven-3.8.6\mvn_resp\org\springdoc\springdoc-openapi-starter-webmvc-ui\2.3.0\springdoc-openapi-starter-webmvc-ui-2.3.0.jar;D:\course\Java\apache-maven-3.8.6\mvn_resp\org\springdoc\springdoc-openapi-starter-webmvc-api\2.3.0\springdoc-openapi-starter-webmvc-api-2.3.0.jar;D:\course\Java\apache-maven-3.8.6\mvn_resp\org\springdoc\springdoc-openapi-starter-common\2.3.0\springdoc-openapi-starter-common-2.3.0.jar;D:\course\Java\apache-maven-3.8.6\mvn_resp\io\swagger\core\v3\swagger-core-jakarta\2.2.19\swagger-core-jakarta-2.2.19.jar;D:\course\Java\apache-maven-3.8.6\mvn_resp\io\swagger\core\v3\swagger-annotations-jakarta\2.2.19\swagger-annotations-jakarta-2.2.19.jar;D:\course\Java\apache-maven-3.8.6\mvn_resp\io\swagger\core\v3\swagger-models-jakarta\2.2.19\swagger-models-jakarta-2.2.19.jar;D:\course\Java\apache-maven-3.8.6\mvn_resp\jakarta\validation\jakarta.validation-api\2.0.2\jakarta.validation-api-2.0.2.jar;D:\course\Java\apache-maven-3.8.6\mvn_resp\org\webjars\swagger-ui\5.10.3\swagger-ui-5.10.3.jar;D:\course\Java\apache-maven-3.8.6\mvn_resp\io\springfox\springfox-swagger2\3.0.0\springfox-swagger2-3.0.0.jar;D:\course\Java\apache-maven-3.8.6\mvn_resp\io\springfox\springfox-spi\3.0.0\springfox-spi-3.0.0.jar;D:\course\Java\apache-maven-3.8.6\mvn_resp\io\springfox\springfox-core\3.0.0\springfox-core-3.0.0.jar;D:\course\Java\apache-maven-3.8.6\mvn_resp\io\springfox\springfox-schema\3.0.0\springfox-schema-3.0.0.jar;D:\course\Java\apache-maven-3.8.6\mvn_resp\io\springfox\springfox-swagger-common\3.0.0\springfox-swagger-common-3.0.0.jar;D:\course\Java\apache-maven-3.8.6\mvn_resp\io\swagger\core\v3\swagger-annotations\2.1.2\swagger-annotations-2.1.2.jar;D:\course\Java\apache-maven-3.8.6\mvn_resp\io\springfox\springfox-spring-web\3.0.0\springfox-spring-web-3.0.0.jar;D:\course\Java\apache-maven-3.8.6\mvn_resp\io\github\classgraph\classgraph\4.8.83\classgraph-4.8.83.jar;D:\course\Java\apache-maven-3.8.6\mvn_resp\io\springfox\springfox-spring-webmvc\3.0.0\springfox-spring-webmvc-3.0.0.jar;D:\course\Java\apache-maven-3.8.6\mvn_resp\io\springfox\springfox-spring-webflux\3.0.0\springfox-spring-webflux-3.0.0.jar;D:\course\Java\apache-maven-3.8.6\mvn_resp\org\springframework\plugin\spring-plugin-core\2.0.0.RELEASE\spring-plugin-core-2.0.0.RELEASE.jar;D:\course\Java\apache-maven-3.8.6\mvn_resp\org\springframework\plugin\spring-plugin-metadata\2.0.0.RELEASE\spring-plugin-metadata-2.0.0.RELEASE.jar;D:\course\Java\apache-maven-3.8.6\mvn_resp\io\swagger\swagger-annotations\1.5.20\swagger-annotations-1.5.20.jar;D:\course\Java\apache-maven-3.8.6\mvn_resp\io\swagger\swagger-models\1.5.20\swagger-models-1.5.20.jar;D:\course\Java\apache-maven-3.8.6\mvn_resp\org\mapstruct\mapstruct\1.3.1.Final\mapstruct-1.3.1.Final.jar;D:\course\Java\apache-maven-3.8.6\mvn_resp\io\springfox\springfox-swagger-ui\3.0.0\springfox-swagger-ui-3.0.0.jar;D:\WorkSpace\CPT202---Super-high-school-level-Sport-Centre\CPT202---Super-high-school-level-Sport-Centre\CPT202-SHSLSC\shsl-common\target\shsl-common-1.0-SNAPSHOT.jar;D:\course\Java\apache-maven-3.8.6\mvn_resp\commons-lang\commons-lang\2.6\commons-lang-2.6.jar;D:\course\Java\apache-maven-3.8.6\mvn_resp\io\jsonwebtoken\jjwt\0.9.1\jjwt-0.9.1.jar;D:\course\Java\apache-maven-3.8.6\mvn_resp\com\aliyun\oss\aliyun-sdk-oss\3.10.2\aliyun-sdk-oss-3.10.2.jar;D:\course\Java\apache-maven-3.8.6\mvn_resp\org\apache\httpcomponents\httpclient\4.5.13\httpclient-4.5.13.jar;D:\course\Java\apache-maven-3.8.6\mvn_resp\org\apache\httpcomponents\httpcore\4.4.14\httpcore-4.4.14.jar;D:\course\Java\apache-maven-3.8.6\mvn_resp\org\jdom\jdom2\2.0.6\jdom2-2.0.6.jar;D:\course\Java\apache-maven-3.8.6\mvn_resp\org\codehaus\jettison\jettison\1.1\jettison-1.1.jar;D:\course\Java\apache-maven-3.8.6\mvn_resp\com\aliyun\aliyun-java-sdk-core\3.4.0\aliyun-java-sdk-core-3.4.0.jar;D:\course\Java\apache-maven-3.8.6\mvn_resp\com\aliyun\aliyun-java-sdk-ram\3.0.0\aliyun-java-sdk-ram-3.0.0.jar;D:\course\Java\apache-maven-3.8.6\mvn_resp\com\aliyun\aliyun-java-sdk-sts\3.0.0\aliyun-java-sdk-sts-3.0.0.jar;D:\course\Java\apache-maven-3.8.6\mvn_resp\com\aliyun\aliyun-java-sdk-ecs\4.2.0\aliyun-java-sdk-ecs-4.2.0.jar;D:\course\Java\apache-maven-3.8.6\mvn_resp\com\aliyun\aliyun-java-sdk-kms\2.7.0\aliyun-java-sdk-kms-2.7.0.jar;D:\course\Java\apache-maven-3.8.6\mvn_resp\com\google\code\gson\gson\2.8.8\gson-2.8.8.jar;D:\course\Java\apache-maven-3.8.6\mvn_resp\com\github\wechatpay-apiv3\wechatpay-apache-httpclient\0.4.8\wechatpay-apache-httpclient-0.4.8.jar;D:\course\Java\apache-maven-3.8.6\mvn_resp\org\apache\httpcomponents\httpmime\4.5.13\httpmime-4.5.13.jar;D:\course\Java\apache-maven-3.8.6\mvn_resp\com\fasterxml\jackson\datatype\jackson-datatype-jsr310\2.12.5\jackson-datatype-jsr310-2.12.5.jar;"/>
    <property name="java.vm.vendor" value="Amazon.com Inc."/>
    <property name="sun.arch.data.model" value="64"/>
    <property name="user.variant" value=""/>
    <property name="java.vendor.url" value="https://aws.amazon.com/corretto/"/>
    <property name="user.timezone" value="Asia/Shanghai"/>
    <property name="java.vm.specification.version" value="1.8"/>
    <property name="os.name" value="Windows 11"/>
    <property name="user.country" value="CN"/>
    <property name="sun.java.launcher" value="SUN_STANDARD"/>
    <property name="sun.boot.library.path" value="C:\Users\清臻雨童\.jdks\corretto-1.8.0_372\jre\bin"/>
    <property name="sun.java.command" value="C:\Users\清臻雨童\AppData\Local\Temp\surefire7604687953846119388\surefirebooter1029296236918234250.jar C:\Users\清臻雨童\AppData\Local\Temp\surefire7604687953846119388 2024-05-13T21-53-42_601-jvmRun1 surefire762227884973711302tmp surefire_03426237898513177707tmp"/>
    <property name="surefire.test.class.path" value="D:\WorkSpace\CPT202---Super-high-school-level-Sport-Centre\CPT202---Super-high-school-level-Sport-Centre\CPT202-SHSLSC\shsl-server\target\test-classes;D:\WorkSpace\CPT202---Super-high-school-level-Sport-Centre\CPT202---Super-high-school-level-Sport-Centre\CPT202-SHSLSC\shsl-server\target\classes;D:\course\Java\apache-maven-3.8.6\mvn_resp\junit\junit\3.8.1\junit-3.8.1.jar;D:\course\Java\apache-maven-3.8.6\mvn_resp\org\springframework\boot\spring-boot-starter\2.5.6\spring-boot-starter-2.5.6.jar;D:\course\Java\apache-maven-3.8.6\mvn_resp\org\springframework\boot\spring-boot\2.5.6\spring-boot-2.5.6.jar;D:\course\Java\apache-maven-3.8.6\mvn_resp\org\springframework\spring-context\5.3.12\spring-context-5.3.12.jar;D:\course\Java\apache-maven-3.8.6\mvn_resp\org\springframework\boot\spring-boot-autoconfigure\2.5.6\spring-boot-autoconfigure-2.5.6.jar;D:\course\Java\apache-maven-3.8.6\mvn_resp\org\springframework\boot\spring-boot-starter-logging\2.5.6\spring-boot-starter-logging-2.5.6.jar;D:\course\Java\apache-maven-3.8.6\mvn_resp\ch\qos\logback\logback-classic\1.2.6\logback-classic-1.2.6.jar;D:\course\Java\apache-maven-3.8.6\mvn_resp\ch\qos\logback\logback-core\1.2.6\logback-core-1.2.6.jar;D:\course\Java\apache-maven-3.8.6\mvn_resp\org\apache\logging\log4j\log4j-to-slf4j\2.14.1\log4j-to-slf4j-2.14.1.jar;D:\course\Java\apache-maven-3.8.6\mvn_resp\org\apache\logging\log4j\log4j-api\2.14.1\log4j-api-2.14.1.jar;D:\course\Java\apache-maven-3.8.6\mvn_resp\org\slf4j\jul-to-slf4j\1.7.32\jul-to-slf4j-1.7.32.jar;D:\course\Java\apache-maven-3.8.6\mvn_resp\jakarta\annotation\jakarta.annotation-api\1.3.5\jakarta.annotation-api-1.3.5.jar;D:\course\Java\apache-maven-3.8.6\mvn_resp\org\springframework\spring-core\5.3.12\spring-core-5.3.12.jar;D:\course\Java\apache-maven-3.8.6\mvn_resp\org\springframework\spring-jcl\5.3.12\spring-jcl-5.3.12.jar;D:\course\Java\apache-maven-3.8.6\mvn_resp\org\yaml\snakeyaml\1.28\snakeyaml-1.28.jar;D:\course\Java\apache-maven-3.8.6\mvn_resp\org\springframework\boot\spring-boot-starter-test\2.5.6\spring-boot-starter-test-2.5.6.jar;D:\course\Java\apache-maven-3.8.6\mvn_resp\org\springframework\boot\spring-boot-test\2.5.6\spring-boot-test-2.5.6.jar;D:\course\Java\apache-maven-3.8.6\mvn_resp\org\springframework\boot\spring-boot-test-autoconfigure\2.5.6\spring-boot-test-autoconfigure-2.5.6.jar;D:\course\Java\apache-maven-3.8.6\mvn_resp\com\jayway\jsonpath\json-path\2.5.0\json-path-2.5.0.jar;D:\course\Java\apache-maven-3.8.6\mvn_resp\net\minidev\json-smart\2.4.7\json-smart-2.4.7.jar;D:\course\Java\apache-maven-3.8.6\mvn_resp\net\minidev\accessors-smart\2.4.7\accessors-smart-2.4.7.jar;D:\course\Java\apache-maven-3.8.6\mvn_resp\org\ow2\asm\asm\9.1\asm-9.1.jar;D:\course\Java\apache-maven-3.8.6\mvn_resp\jakarta\xml\bind\jakarta.xml.bind-api\2.3.3\jakarta.xml.bind-api-2.3.3.jar;D:\course\Java\apache-maven-3.8.6\mvn_resp\jakarta\activation\jakarta.activation-api\1.2.2\jakarta.activation-api-1.2.2.jar;D:\course\Java\apache-maven-3.8.6\mvn_resp\org\assertj\assertj-core\3.19.0\assertj-core-3.19.0.jar;D:\course\Java\apache-maven-3.8.6\mvn_resp\org\hamcrest\hamcrest\2.2\hamcrest-2.2.jar;D:\course\Java\apache-maven-3.8.6\mvn_resp\org\junit\jupiter\junit-jupiter\5.7.2\junit-jupiter-5.7.2.jar;D:\course\Java\apache-maven-3.8.6\mvn_resp\org\junit\jupiter\junit-jupiter-api\5.7.2\junit-jupiter-api-5.7.2.jar;D:\course\Java\apache-maven-3.8.6\mvn_resp\org\apiguardian\apiguardian-api\1.1.0\apiguardian-api-1.1.0.jar;D:\course\Java\apache-maven-3.8.6\mvn_resp\org\opentest4j\opentest4j\1.2.0\opentest4j-1.2.0.jar;D:\course\Java\apache-maven-3.8.6\mvn_resp\org\junit\platform\junit-platform-commons\1.7.2\junit-platform-commons-1.7.2.jar;D:\course\Java\apache-maven-3.8.6\mvn_resp\org\junit\jupiter\junit-jupiter-params\5.7.2\junit-jupiter-params-5.7.2.jar;D:\course\Java\apache-maven-3.8.6\mvn_resp\org\junit\jupiter\junit-jupiter-engine\5.7.2\junit-jupiter-engine-5.7.2.jar;D:\course\Java\apache-maven-3.8.6\mvn_resp\org\junit\platform\junit-platform-engine\1.7.2\junit-platform-engine-1.7.2.jar;D:\course\Java\apache-maven-3.8.6\mvn_resp\org\mockito\mockito-core\3.9.0\mockito-core-3.9.0.jar;D:\course\Java\apache-maven-3.8.6\mvn_resp\net\bytebuddy\byte-buddy\1.10.22\byte-buddy-1.10.22.jar;D:\course\Java\apache-maven-3.8.6\mvn_resp\net\bytebuddy\byte-buddy-agent\1.10.22\byte-buddy-agent-1.10.22.jar;D:\course\Java\apache-maven-3.8.6\mvn_resp\org\objenesis\objenesis\3.2\objenesis-3.2.jar;D:\course\Java\apache-maven-3.8.6\mvn_resp\org\mockito\mockito-junit-jupiter\3.9.0\mockito-junit-jupiter-3.9.0.jar;D:\course\Java\apache-maven-3.8.6\mvn_resp\org\skyscreamer\jsonassert\1.5.0\jsonassert-1.5.0.jar;D:\course\Java\apache-maven-3.8.6\mvn_resp\com\vaadin\external\google\android-json\0.0.20131108.vaadin1\android-json-0.0.20131108.vaadin1.jar;D:\course\Java\apache-maven-3.8.6\mvn_resp\org\springframework\spring-test\5.3.12\spring-test-5.3.12.jar;D:\course\Java\apache-maven-3.8.6\mvn_resp\org\xmlunit\xmlunit-core\2.8.3\xmlunit-core-2.8.3.jar;D:\course\Java\apache-maven-3.8.6\mvn_resp\org\springframework\boot\spring-boot-starter-web\2.5.6\spring-boot-starter-web-2.5.6.jar;D:\course\Java\apache-maven-3.8.6\mvn_resp\org\springframework\boot\spring-boot-starter-json\2.5.6\spring-boot-starter-json-2.5.6.jar;D:\course\Java\apache-maven-3.8.6\mvn_resp\com\fasterxml\jackson\datatype\jackson-datatype-jdk8\2.12.5\jackson-datatype-jdk8-2.12.5.jar;D:\course\Java\apache-maven-3.8.6\mvn_resp\com\fasterxml\jackson\module\jackson-module-parameter-names\2.12.5\jackson-module-parameter-names-2.12.5.jar;D:\course\Java\apache-maven-3.8.6\mvn_resp\org\springframework\spring-web\5.3.22\spring-web-5.3.22.jar;D:\course\Java\apache-maven-3.8.6\mvn_resp\org\springframework\spring-beans\5.3.12\spring-beans-5.3.12.jar;D:\course\Java\apache-maven-3.8.6\mvn_resp\org\springframework\spring-webmvc\5.3.12\spring-webmvc-5.3.12.jar;D:\course\Java\apache-maven-3.8.6\mvn_resp\org\springframework\spring-aop\5.3.12\spring-aop-5.3.12.jar;D:\course\Java\apache-maven-3.8.6\mvn_resp\org\springframework\spring-expression\5.3.12\spring-expression-5.3.12.jar;D:\course\Java\apache-maven-3.8.6\mvn_resp\org\springframework\boot\spring-boot-starter-data-jpa\2.5.6\spring-boot-starter-data-jpa-2.5.6.jar;D:\course\Java\apache-maven-3.8.6\mvn_resp\org\springframework\boot\spring-boot-starter-aop\2.5.6\spring-boot-starter-aop-2.5.6.jar;D:\course\Java\apache-maven-3.8.6\mvn_resp\org\springframework\boot\spring-boot-starter-jdbc\2.5.6\spring-boot-starter-jdbc-2.5.6.jar;D:\course\Java\apache-maven-3.8.6\mvn_resp\com\zaxxer\HikariCP\4.0.3\HikariCP-4.0.3.jar;D:\course\Java\apache-maven-3.8.6\mvn_resp\org\springframework\spring-jdbc\5.3.12\spring-jdbc-5.3.12.jar;D:\course\Java\apache-maven-3.8.6\mvn_resp\jakarta\transaction\jakarta.transaction-api\1.3.3\jakarta.transaction-api-1.3.3.jar;D:\course\Java\apache-maven-3.8.6\mvn_resp\jakarta\persistence\jakarta.persistence-api\2.2.3\jakarta.persistence-api-2.2.3.jar;D:\course\Java\apache-maven-3.8.6\mvn_resp\org\hibernate\hibernate-core\5.4.32.Final\hibernate-core-5.4.32.Final.jar;D:\course\Java\apache-maven-3.8.6\mvn_resp\org\jboss\logging\jboss-logging\3.4.2.Final\jboss-logging-3.4.2.Final.jar;D:\course\Java\apache-maven-3.8.6\mvn_resp\org\javassist\javassist\3.27.0-GA\javassist-3.27.0-GA.jar;D:\course\Java\apache-maven-3.8.6\mvn_resp\antlr\antlr\2.7.7\antlr-2.7.7.jar;D:\course\Java\apache-maven-3.8.6\mvn_resp\org\jboss\jandex\2.2.3.Final\jandex-2.2.3.Final.jar;D:\course\Java\apache-maven-3.8.6\mvn_resp\com\fasterxml\classmate\1.5.1\classmate-1.5.1.jar;D:\course\Java\apache-maven-3.8.6\mvn_resp\org\dom4j\dom4j\2.1.3\dom4j-2.1.3.jar;D:\course\Java\apache-maven-3.8.6\mvn_resp\org\hibernate\common\hibernate-commons-annotations\5.1.2.Final\hibernate-commons-annotations-5.1.2.Final.jar;D:\course\Java\apache-maven-3.8.6\mvn_resp\org\glassfish\jaxb\jaxb-runtime\2.3.5\jaxb-runtime-2.3.5.jar;D:\course\Java\apache-maven-3.8.6\mvn_resp\org\glassfish\jaxb\txw2\2.3.5\txw2-2.3.5.jar;D:\course\Java\apache-maven-3.8.6\mvn_resp\com\sun\istack\istack-commons-runtime\3.0.12\istack-commons-runtime-3.0.12.jar;D:\course\Java\apache-maven-3.8.6\mvn_resp\com\sun\activation\jakarta.activation\1.2.2\jakarta.activation-1.2.2.jar;D:\course\Java\apache-maven-3.8.6\mvn_resp\org\springframework\data\spring-data-jpa\2.5.6\spring-data-jpa-2.5.6.jar;D:\course\Java\apache-maven-3.8.6\mvn_resp\org\springframework\data\spring-data-commons\2.5.6\spring-data-commons-2.5.6.jar;D:\course\Java\apache-maven-3.8.6\mvn_resp\org\springframework\spring-orm\5.3.12\spring-orm-5.3.12.jar;D:\course\Java\apache-maven-3.8.6\mvn_resp\org\springframework\spring-tx\5.3.12\spring-tx-5.3.12.jar;D:\course\Java\apache-maven-3.8.6\mvn_resp\org\springframework\spring-aspects\5.3.12\spring-aspects-5.3.12.jar;D:\course\Java\apache-maven-3.8.6\mvn_resp\mysql\mysql-connector-java\8.0.27\mysql-connector-java-8.0.27.jar;D:\course\Java\apache-maven-3.8.6\mvn_resp\org\mybatis\spring\boot\mybatis-spring-boot-starter\2.2.0\mybatis-spring-boot-starter-2.2.0.jar;D:\course\Java\apache-maven-3.8.6\mvn_resp\org\mybatis\spring\boot\mybatis-spring-boot-autoconfigure\2.2.0\mybatis-spring-boot-autoconfigure-2.2.0.jar;D:\course\Java\apache-maven-3.8.6\mvn_resp\org\mybatis\mybatis\3.5.7\mybatis-3.5.7.jar;D:\course\Java\apache-maven-3.8.6\mvn_resp\org\mybatis\mybatis-spring\2.0.6\mybatis-spring-2.0.6.jar;D:\course\Java\apache-maven-3.8.6\mvn_resp\org\projectlombok\lombok\1.18.20\lombok-1.18.20.jar;D:\course\Java\apache-maven-3.8.6\mvn_resp\com\alibaba\fastjson\1.2.76\fastjson-1.2.76.jar;D:\course\Java\apache-maven-3.8.6\mvn_resp\com\alibaba\druid-spring-boot-starter\1.2.1\druid-spring-boot-starter-1.2.1.jar;D:\course\Java\apache-maven-3.8.6\mvn_resp\com\alibaba\druid\1.2.1\druid-1.2.1.jar;D:\course\Java\apache-maven-3.8.6\mvn_resp\org\slf4j\slf4j-api\1.7.32\slf4j-api-1.7.32.jar;D:\course\Java\apache-maven-3.8.6\mvn_resp\com\github\pagehelper\pagehelper-spring-boot-starter\1.3.0\pagehelper-spring-boot-starter-1.3.0.jar;D:\course\Java\apache-maven-3.8.6\mvn_resp\com\github\pagehelper\pagehelper-spring-boot-autoconfigure\1.3.0\pagehelper-spring-boot-autoconfigure-1.3.0.jar;D:\course\Java\apache-maven-3.8.6\mvn_resp\com\github\pagehelper\pagehelper\5.2.0\pagehelper-5.2.0.jar;D:\course\Java\apache-maven-3.8.6\mvn_resp\com\github\jsqlparser\jsqlparser\3.2\jsqlparser-3.2.jar;D:\course\Java\apache-maven-3.8.6\mvn_resp\org\aspectj\aspectjrt\1.9.4\aspectjrt-1.9.4.jar;D:\course\Java\apache-maven-3.8.6\mvn_resp\org\aspectj\aspectjweaver\1.9.4\aspectjweaver-1.9.4.jar;D:\course\Java\apache-maven-3.8.6\mvn_resp\com\github\xiaoymin\knife4j-spring-boot-starter\3.0.2\knife4j-spring-boot-starter-3.0.2.jar;D:\course\Java\apache-maven-3.8.6\mvn_resp\com\github\xiaoymin\knife4j-spring-boot-autoconfigure\3.0.2\knife4j-spring-boot-autoconfigure-3.0.2.jar;D:\course\Java\apache-maven-3.8.6\mvn_resp\com\github\xiaoymin\knife4j-spring\3.0.2\knife4j-spring-3.0.2.jar;D:\course\Java\apache-maven-3.8.6\mvn_resp\com\github\xiaoymin\knife4j-annotations\3.0.2\knife4j-annotations-3.0.2.jar;D:\course\Java\apache-maven-3.8.6\mvn_resp\io\springfox\springfox-oas\3.0.0\springfox-oas-3.0.0.jar;D:\course\Java\apache-maven-3.8.6\mvn_resp\io\swagger\core\v3\swagger-models\2.1.2\swagger-models-2.1.2.jar;D:\course\Java\apache-maven-3.8.6\mvn_resp\io\springfox\springfox-bean-validators\3.0.0\springfox-bean-validators-3.0.0.jar;D:\course\Java\apache-maven-3.8.6\mvn_resp\io\swagger\swagger-core\1.5.22\swagger-core-1.5.22.jar;D:\course\Java\apache-maven-3.8.6\mvn_resp\org\apache\commons\commons-lang3\3.12.0\commons-lang3-3.12.0.jar;D:\course\Java\apache-maven-3.8.6\mvn_resp\com\fasterxml\jackson\dataformat\jackson-dataformat-yaml\2.12.5\jackson-dataformat-yaml-2.12.5.jar;D:\course\Java\apache-maven-3.8.6\mvn_resp\com\google\guava\guava\27.0.1-android\guava-27.0.1-android.jar;D:\course\Java\apache-maven-3.8.6\mvn_resp\com\google\guava\failureaccess\1.0.1\failureaccess-1.0.1.jar;D:\course\Java\apache-maven-3.8.6\mvn_resp\com\google\guava\listenablefuture\9999.0-empty-to-avoid-conflict-with-guava\listenablefuture-9999.0-empty-to-avoid-conflict-with-guava.jar;D:\course\Java\apache-maven-3.8.6\mvn_resp\com\google\code\findbugs\jsr305\3.0.2\jsr305-3.0.2.jar;D:\course\Java\apache-maven-3.8.6\mvn_resp\org\checkerframework\checker-compat-qual\2.5.2\checker-compat-qual-2.5.2.jar;D:\course\Java\apache-maven-3.8.6\mvn_resp\com\google\errorprone\error_prone_annotations\2.2.0\error_prone_annotations-2.2.0.jar;D:\course\Java\apache-maven-3.8.6\mvn_resp\com\google\j2objc\j2objc-annotations\1.1\j2objc-annotations-1.1.jar;D:\course\Java\apache-maven-3.8.6\mvn_resp\org\codehaus\mojo\animal-sniffer-annotations\1.17\animal-sniffer-annotations-1.17.jar;D:\course\Java\apache-maven-3.8.6\mvn_resp\javax\validation\validation-api\2.0.1.Final\validation-api-2.0.1.Final.jar;D:\course\Java\apache-maven-3.8.6\mvn_resp\io\springfox\springfox-boot-starter\3.0.0\springfox-boot-starter-3.0.0.jar;D:\course\Java\apache-maven-3.8.6\mvn_resp\io\springfox\springfox-data-rest\3.0.0\springfox-data-rest-3.0.0.jar;D:\course\Java\apache-maven-3.8.6\mvn_resp\com\github\xiaoymin\knife4j-spring-ui\3.0.2\knife4j-spring-ui-3.0.2.jar;D:\course\Java\apache-maven-3.8.6\mvn_resp\org\springframework\boot\spring-boot-starter-data-redis\2.5.6\spring-boot-starter-data-redis-2.5.6.jar;D:\course\Java\apache-maven-3.8.6\mvn_resp\org\springframework\data\spring-data-redis\2.5.6\spring-data-redis-2.5.6.jar;D:\course\Java\apache-maven-3.8.6\mvn_resp\org\springframework\data\spring-data-keyvalue\2.5.6\spring-data-keyvalue-2.5.6.jar;D:\course\Java\apache-maven-3.8.6\mvn_resp\org\springframework\spring-oxm\5.3.12\spring-oxm-5.3.12.jar;D:\course\Java\apache-maven-3.8.6\mvn_resp\io\lettuce\lettuce-core\6.1.5.RELEASE\lettuce-core-6.1.5.RELEASE.jar;D:\course\Java\apache-maven-3.8.6\mvn_resp\io\netty\netty-common\4.1.69.Final\netty-common-4.1.69.Final.jar;D:\course\Java\apache-maven-3.8.6\mvn_resp\io\netty\netty-handler\4.1.69.Final\netty-handler-4.1.69.Final.jar;D:\course\Java\apache-maven-3.8.6\mvn_resp\io\netty\netty-resolver\4.1.69.Final\netty-resolver-4.1.69.Final.jar;D:\course\Java\apache-maven-3.8.6\mvn_resp\io\netty\netty-buffer\4.1.69.Final\netty-buffer-4.1.69.Final.jar;D:\course\Java\apache-maven-3.8.6\mvn_resp\io\netty\netty-codec\4.1.69.Final\netty-codec-4.1.69.Final.jar;D:\course\Java\apache-maven-3.8.6\mvn_resp\io\netty\netty-transport\4.1.69.Final\netty-transport-4.1.69.Final.jar;D:\course\Java\apache-maven-3.8.6\mvn_resp\io\projectreactor\reactor-core\3.4.11\reactor-core-3.4.11.jar;D:\course\Java\apache-maven-3.8.6\mvn_resp\org\reactivestreams\reactive-streams\1.0.3\reactive-streams-1.0.3.jar;D:\course\Java\apache-maven-3.8.6\mvn_resp\org\springframework\boot\spring-boot-starter-cache\2.5.6\spring-boot-starter-cache-2.5.6.jar;D:\course\Java\apache-maven-3.8.6\mvn_resp\org\springframework\spring-context-support\5.3.12\spring-context-support-5.3.12.jar;D:\course\Java\apache-maven-3.8.6\mvn_resp\org\springframework\boot\spring-boot-starter-websocket\2.5.6\spring-boot-starter-websocket-2.5.6.jar;D:\course\Java\apache-maven-3.8.6\mvn_resp\org\springframework\spring-messaging\5.3.12\spring-messaging-5.3.12.jar;D:\course\Java\apache-maven-3.8.6\mvn_resp\org\springframework\spring-websocket\5.3.12\spring-websocket-5.3.12.jar;D:\course\Java\apache-maven-3.8.6\mvn_resp\javax\xml\bind\jaxb-api\2.3.1\jaxb-api-2.3.1.jar;D:\course\Java\apache-maven-3.8.6\mvn_resp\javax\activation\javax.activation-api\1.2.0\javax.activation-api-1.2.0.jar;D:\course\Java\apache-maven-3.8.6\mvn_resp\org\springframework\boot\spring-boot-starter-thymeleaf\2.6.1\spring-boot-starter-thymeleaf-2.6.1.jar;D:\course\Java\apache-maven-3.8.6\mvn_resp\org\thymeleaf\thymeleaf-spring5\3.0.12.RELEASE\thymeleaf-spring5-3.0.12.RELEASE.jar;D:\course\Java\apache-maven-3.8.6\mvn_resp\org\thymeleaf\thymeleaf\3.0.12.RELEASE\thymeleaf-3.0.12.RELEASE.jar;D:\course\Java\apache-maven-3.8.6\mvn_resp\org\attoparser\attoparser\2.0.5.RELEASE\attoparser-2.0.5.RELEASE.jar;D:\course\Java\apache-maven-3.8.6\mvn_resp\org\unbescape\unbescape\1.1.6.RELEASE\unbescape-1.1.6.RELEASE.jar;D:\course\Java\apache-maven-3.8.6\mvn_resp\org\thymeleaf\extras\thymeleaf-extras-java8time\3.0.4.RELEASE\thymeleaf-extras-java8time-3.0.4.RELEASE.jar;D:\course\Java\apache-maven-3.8.6\mvn_resp\org\springframework\boot\spring-boot-starter-tomcat\2.5.6\spring-boot-starter-tomcat-2.5.6.jar;D:\course\Java\apache-maven-3.8.6\mvn_resp\org\apache\tomcat\embed\tomcat-embed-core\9.0.54\tomcat-embed-core-9.0.54.jar;D:\course\Java\apache-maven-3.8.6\mvn_resp\org\apache\tomcat\embed\tomcat-embed-el\9.0.54\tomcat-embed-el-9.0.54.jar;D:\course\Java\apache-maven-3.8.6\mvn_resp\org\apache\tomcat\embed\tomcat-embed-websocket\9.0.54\tomcat-embed-websocket-9.0.54.jar;D:\course\Java\apache-maven-3.8.6\mvn_resp\org\apache\poi\poi\3.16\poi-3.16.jar;D:\course\Java\apache-maven-3.8.6\mvn_resp\commons-codec\commons-codec\1.15\commons-codec-1.15.jar;D:\course\Java\apache-maven-3.8.6\mvn_resp\org\apache\commons\commons-collections4\4.1\commons-collections4-4.1.jar;D:\course\Java\apache-maven-3.8.6\mvn_resp\org\apache\poi\poi-ooxml\3.16\poi-ooxml-3.16.jar;D:\course\Java\apache-maven-3.8.6\mvn_resp\org\apache\poi\poi-ooxml-schemas\3.16\poi-ooxml-schemas-3.16.jar;D:\course\Java\apache-maven-3.8.6\mvn_resp\org\apache\xmlbeans\xmlbeans\2.6.0\xmlbeans-2.6.0.jar;D:\course\Java\apache-maven-3.8.6\mvn_resp\stax\stax-api\1.0.1\stax-api-1.0.1.jar;D:\course\Java\apache-maven-3.8.6\mvn_resp\com\github\virtuald\curvesapi\1.04\curvesapi-1.04.jar;D:\WorkSpace\CPT202---Super-high-school-level-Sport-Centre\CPT202---Super-high-school-level-Sport-Centre\CPT202-SHSLSC\shsl-pojo\target\shsl-pojo-1.0-SNAPSHOT.jar;D:\course\Java\apache-maven-3.8.6\mvn_resp\com\fasterxml\jackson\core\jackson-databind\2.12.5\jackson-databind-2.12.5.jar;D:\course\Java\apache-maven-3.8.6\mvn_resp\com\fasterxml\jackson\core\jackson-annotations\2.12.5\jackson-annotations-2.12.5.jar;D:\course\Java\apache-maven-3.8.6\mvn_resp\com\fasterxml\jackson\core\jackson-core\2.12.5\jackson-core-2.12.5.jar;D:\course\Java\apache-maven-3.8.6\mvn_resp\com\github\xiaoymin\knife4j-openapi3-jakarta-spring-boot-starter\4.4.0\knife4j-openapi3-jakarta-spring-boot-starter-4.4.0.jar;D:\course\Java\apache-maven-3.8.6\mvn_resp\com\github\xiaoymin\knife4j-core\4.4.0\knife4j-core-4.4.0.jar;D:\course\Java\apache-maven-3.8.6\mvn_resp\com\github\xiaoymin\knife4j-openapi3-ui\4.4.0\knife4j-openapi3-ui-4.4.0.jar;D:\course\Java\apache-maven-3.8.6\mvn_resp\org\springdoc\springdoc-openapi-starter-webmvc-ui\2.3.0\springdoc-openapi-starter-webmvc-ui-2.3.0.jar;D:\course\Java\apache-maven-3.8.6\mvn_resp\org\springdoc\springdoc-openapi-starter-webmvc-api\2.3.0\springdoc-openapi-starter-webmvc-api-2.3.0.jar;D:\course\Java\apache-maven-3.8.6\mvn_resp\org\springdoc\springdoc-openapi-starter-common\2.3.0\springdoc-openapi-starter-common-2.3.0.jar;D:\course\Java\apache-maven-3.8.6\mvn_resp\io\swagger\core\v3\swagger-core-jakarta\2.2.19\swagger-core-jakarta-2.2.19.jar;D:\course\Java\apache-maven-3.8.6\mvn_resp\io\swagger\core\v3\swagger-annotations-jakarta\2.2.19\swagger-annotations-jakarta-2.2.19.jar;D:\course\Java\apache-maven-3.8.6\mvn_resp\io\swagger\core\v3\swagger-models-jakarta\2.2.19\swagger-models-jakarta-2.2.19.jar;D:\course\Java\apache-maven-3.8.6\mvn_resp\jakarta\validation\jakarta.validation-api\2.0.2\jakarta.validation-api-2.0.2.jar;D:\course\Java\apache-maven-3.8.6\mvn_resp\org\webjars\swagger-ui\5.10.3\swagger-ui-5.10.3.jar;D:\course\Java\apache-maven-3.8.6\mvn_resp\io\springfox\springfox-swagger2\3.0.0\springfox-swagger2-3.0.0.jar;D:\course\Java\apache-maven-3.8.6\mvn_resp\io\springfox\springfox-spi\3.0.0\springfox-spi-3.0.0.jar;D:\course\Java\apache-maven-3.8.6\mvn_resp\io\springfox\springfox-core\3.0.0\springfox-core-3.0.0.jar;D:\course\Java\apache-maven-3.8.6\mvn_resp\io\springfox\springfox-schema\3.0.0\springfox-schema-3.0.0.jar;D:\course\Java\apache-maven-3.8.6\mvn_resp\io\springfox\springfox-swagger-common\3.0.0\springfox-swagger-common-3.0.0.jar;D:\course\Java\apache-maven-3.8.6\mvn_resp\io\swagger\core\v3\swagger-annotations\2.1.2\swagger-annotations-2.1.2.jar;D:\course\Java\apache-maven-3.8.6\mvn_resp\io\springfox\springfox-spring-web\3.0.0\springfox-spring-web-3.0.0.jar;D:\course\Java\apache-maven-3.8.6\mvn_resp\io\github\classgraph\classgraph\4.8.83\classgraph-4.8.83.jar;D:\course\Java\apache-maven-3.8.6\mvn_resp\io\springfox\springfox-spring-webmvc\3.0.0\springfox-spring-webmvc-3.0.0.jar;D:\course\Java\apache-maven-3.8.6\mvn_resp\io\springfox\springfox-spring-webflux\3.0.0\springfox-spring-webflux-3.0.0.jar;D:\course\Java\apache-maven-3.8.6\mvn_resp\org\springframework\plugin\spring-plugin-core\2.0.0.RELEASE\spring-plugin-core-2.0.0.RELEASE.jar;D:\course\Java\apache-maven-3.8.6\mvn_resp\org\springframework\plugin\spring-plugin-metadata\2.0.0.RELEASE\spring-plugin-metadata-2.0.0.RELEASE.jar;D:\course\Java\apache-maven-3.8.6\mvn_resp\io\swagger\swagger-annotations\1.5.20\swagger-annotations-1.5.20.jar;D:\course\Java\apache-maven-3.8.6\mvn_resp\io\swagger\swagger-models\1.5.20\swagger-models-1.5.20.jar;D:\course\Java\apache-maven-3.8.6\mvn_resp\org\mapstruct\mapstruct\1.3.1.Final\mapstruct-1.3.1.Final.jar;D:\course\Java\apache-maven-3.8.6\mvn_resp\io\springfox\springfox-swagger-ui\3.0.0\springfox-swagger-ui-3.0.0.jar;D:\WorkSpace\CPT202---Super-high-school-level-Sport-Centre\CPT202---Super-high-school-level-Sport-Centre\CPT202-SHSLSC\shsl-common\target\shsl-common-1.0-SNAPSHOT.jar;D:\course\Java\apache-maven-3.8.6\mvn_resp\commons-lang\commons-lang\2.6\commons-lang-2.6.jar;D:\course\Java\apache-maven-3.8.6\mvn_resp\io\jsonwebtoken\jjwt\0.9.1\jjwt-0.9.1.jar;D:\course\Java\apache-maven-3.8.6\mvn_resp\com\aliyun\oss\aliyun-sdk-oss\3.10.2\aliyun-sdk-oss-3.10.2.jar;D:\course\Java\apache-maven-3.8.6\mvn_resp\org\apache\httpcomponents\httpclient\4.5.13\httpclient-4.5.13.jar;D:\course\Java\apache-maven-3.8.6\mvn_resp\org\apache\httpcomponents\httpcore\4.4.14\httpcore-4.4.14.jar;D:\course\Java\apache-maven-3.8.6\mvn_resp\org\jdom\jdom2\2.0.6\jdom2-2.0.6.jar;D:\course\Java\apache-maven-3.8.6\mvn_resp\org\codehaus\jettison\jettison\1.1\jettison-1.1.jar;D:\course\Java\apache-maven-3.8.6\mvn_resp\com\aliyun\aliyun-java-sdk-core\3.4.0\aliyun-java-sdk-core-3.4.0.jar;D:\course\Java\apache-maven-3.8.6\mvn_resp\com\aliyun\aliyun-java-sdk-ram\3.0.0\aliyun-java-sdk-ram-3.0.0.jar;D:\course\Java\apache-maven-3.8.6\mvn_resp\com\aliyun\aliyun-java-sdk-sts\3.0.0\aliyun-java-sdk-sts-3.0.0.jar;D:\course\Java\apache-maven-3.8.6\mvn_resp\com\aliyun\aliyun-java-sdk-ecs\4.2.0\aliyun-java-sdk-ecs-4.2.0.jar;D:\course\Java\apache-maven-3.8.6\mvn_resp\com\aliyun\aliyun-java-sdk-kms\2.7.0\aliyun-java-sdk-kms-2.7.0.jar;D:\course\Java\apache-maven-3.8.6\mvn_resp\com\google\code\gson\gson\2.8.8\gson-2.8.8.jar;D:\course\Java\apache-maven-3.8.6\mvn_resp\com\github\wechatpay-apiv3\wechatpay-apache-httpclient\0.4.8\wechatpay-apache-httpclient-0.4.8.jar;D:\course\Java\apache-maven-3.8.6\mvn_resp\org\apache\httpcomponents\httpmime\4.5.13\httpmime-4.5.13.jar;D:\course\Java\apache-maven-3.8.6\mvn_resp\com\fasterxml\jackson\datatype\jackson-datatype-jsr310\2.12.5\jackson-datatype-jsr310-2.12.5.jar;"/>
    <property name="sun.cpu.endian" value="little"/>
    <property name="user.home" value="C:\Users\清臻雨童"/>
    <property name="user.language" value="zh"/>
    <property name="java.specification.vendor" value="Oracle Corporation"/>
    <property name="java.home" value="C:\Users\清臻雨童\.jdks\corretto-1.8.0_372\jre"/>
    <property name="basedir" value="D:\WorkSpace\CPT202---Super-high-school-level-Sport-Centre\CPT202---Super-high-school-level-Sport-Centre\CPT202-SHSLSC\shsl-server"/>
    <property name="file.separator" value="\"/>
    <property name="line.separator" value="&#10;"/>
    <property name="java.vm.specification.vendor" value="Oracle Corporation"/>
    <property name="java.specification.name" value="Java Platform API Specification"/>
    <property name="java.awt.graphicsenv" value="sun.awt.Win32GraphicsEnvironment"/>
    <property name="surefire.real.class.path" value="C:\Users\清臻雨童\AppData\Local\Temp\surefire7604687953846119388\surefirebooter1029296236918234250.jar"/>
    <property name="sun.boot.class.path" value="C:\Users\清臻雨童\.jdks\corretto-1.8.0_372\jre\lib\resources.jar;C:\Users\清臻雨童\.jdks\corretto-1.8.0_372\jre\lib\rt.jar;C:\Users\清臻雨童\.jdks\corretto-1.8.0_372\jre\lib\sunrsasign.jar;C:\Users\清臻雨童\.jdks\corretto-1.8.0_372\jre\lib\jsse.jar;C:\Users\清臻雨童\.jdks\corretto-1.8.0_372\jre\lib\jce.jar;C:\Users\清臻雨童\.jdks\corretto-1.8.0_372\jre\lib\charsets.jar;C:\Users\清臻雨童\.jdks\corretto-1.8.0_372\jre\lib\jfr.jar;C:\Users\清臻雨童\.jdks\corretto-1.8.0_372\jre\classes"/>
    <property name="user.script" value=""/>
    <property name="sun.management.compiler" value="HotSpot 64-Bit Tiered Compilers"/>
    <property name="java.runtime.version" value="1.8.0_372-b07"/>
    <property name="user.name" value="清臻雨童"/>
    <property name="path.separator" value=";"/>
    <property name="os.version" value="10.0"/>
    <property name="java.endorsed.dirs" value="C:\Users\清臻雨童\.jdks\corretto-1.8.0_372\jre\lib\endorsed"/>
    <property name="java.runtime.name" value="OpenJDK Runtime Environment"/>
    <property name="file.encoding" value="GBK"/>
    <property name="java.vm.name" value="OpenJDK 64-Bit Server VM"/>
    <property name="localRepository" value="D:\course\Java\apache-maven-3.8.6\mvn_resp"/>
    <property name="java.vendor.url.bug" value="https://github.com/corretto/corretto-8/issues/"/>
    <property name="java.io.tmpdir" value="C:\Users\清臻雨童\AppData\Local\Temp\"/>
    <property name="idea.version" value="2023.1.6"/>
    <property name="java.version" value="1.8.0_372"/>
    <property name="user.dir" value="D:\WorkSpace\CPT202---Super-high-school-level-Sport-Centre\CPT202---Super-high-school-level-Sport-Centre\CPT202-SHSLSC\shsl-server"/>
    <property name="os.arch" value="amd64"/>
    <property name="java.vm.specification.name" value="Java Virtual Machine Specification"/>
    <property name="java.awt.printerjob" value="sun.awt.windows.WPrinterJob"/>
    <property name="sun.os.patch.level" value=""/>
    <property name="java.library.path" value="C:\Users\清臻雨童\.jdks\corretto-1.8.0_372\jre\bin;C:\WINDOWS\Sun\Java\bin;C:\WINDOWS\system32;C:\WINDOWS;C:\Program Files\Common Files\Oracle\Java\javapath;C:\Program Files (x86)\Common Files\Intel\Shared Libraries\redist\intel64_win\compiler;C:\Program Files (x86)\Common Files\Intel\Shared Libraries\redist\intel64\compiler;C:\Windows\system32;C:\Windows;C:\Windows\System32\Wbem;C:\Windows\System32\WindowsPowerShell\v1.0\;C:\Windows\System32\OpenSSH\;C:\Program Files (x86)\NVIDIA Corporation\PhysX\Common;C:\Program Files\NVIDIA Corporation\NVIDIA NvDLISR;C:\WINDOWS\system32;C:\WINDOWS;C:\WINDOWS\System32\Wbem;C:\WINDOWS\System32\WindowsPowerShell\v1.0\;C:\WINDOWS\System32\OpenSSH\;C:\Program Files (x86)\dotnet\;C:\Program Files\MySQL\MySQL Server 8.0\bin\;D:\course\Java\apache-maven-3.6.3\bin;D:\bin;D:\Go\bin;D:\Git\cmd;C:\Program Files\TortoiseSVN\bin;C:\Program Files\VisualSVN Server\bin;D:\Java\Redis;D:\SPSS\JRE\bin;D:\dev\Scripts\;D:\dev\;C:\Program Files\MySQL\MySQL Shell 8.0\bin\;C:\Users\清臻雨童\AppData\Local\Programs\Python\Python39\Scripts\;C:\Users\清臻雨童\AppData\Local\Programs\Python\Python39\;D:\Python\Scripts\;D:\Python\;C:\Users\清臻雨童\AppData\Local\Microsoft\WindowsApps;D:\course\Java\IntelliJ IDEA Community Edition 2022.1.2\bin;;C:\Users\清臻雨童\AppData\Local\Programs\Microsoft VS Code\bin;C:\Users\清臻雨童\AppData\Local\Programs\MiKTeX\miktex\bin\x64\;C:\Program Files\JetBrains\GoLand 2023.1.4\bin;;C:\Users\清臻雨童\go\bin;."/>
    <property name="java.vm.info" value="mixed mode"/>
    <property name="java.vendor" value="Amazon.com Inc."/>
    <property name="java.vm.version" value="25.372-b07"/>
    <property name="java.specification.maintenance.version" value="4"/>
    <property name="java.ext.dirs" value="C:\Users\清臻雨童\.jdks\corretto-1.8.0_372\jre\lib\ext;C:\WINDOWS\Sun\Java\lib\ext"/>
    <property name="sun.io.unicode.encoding" value="UnicodeLittle"/>
    <property name="java.class.version" value="52.0"/>
  </properties>
  <testcase name="contextLoads" classname="com.shsl.SHSLApplicationTests" time="0.056"/>
</testsuite>